Base path: D:/Unity/Editor/Data
Cmd: initializeCompiler
Cmd: initializeCompiler
Cmd: preprocessCompute
  insize=1441 outsize=1440 ok=1
Cmd: compileComputeKernel
  error: 2 plat 4 at CalculateNormalsShader.compute(32): undeclared identifier '_BroderMapz'
  api=4 insize=1440 outsize=0 ok=0
Cmd: initializeCompiler
Cmd: preprocessCompute
  insize=1441 outsize=1440 ok=1
Cmd: compileComputeKernel
  api=4 insize=1440 outsize=2045 ok=1
Cmd: initializeCompiler
Cmd: initializeCompiler
Cmd: preprocessCompute
  insize=13009 outsize=13008 ok=1
Cmd: initializeCompiler
Cmd: preprocessCompute
  insize=2303 outsize=2302 ok=1
Cmd: compileComputeKernel
  error: 2 plat 4 at CalculateNormalsShader.compute(32): syntax error: unexpected token 'deltay'
  api=4 insize=2302 outsize=0 ok=0
Cmd: preprocessCompute
  insize=2304 outsize=2303 ok=1
Cmd: compileComputeKernel
  error: 1 plat 4 at CalculateNormalsShader.compute(22): use of potentially uninitialized variable (value) use of potentially uninitialized variable (deltax) use of potentially uninitialized variable (deltay) use of potentially uninitialized variable (deltaz)
  error: 1 plat 4 at CalculateNormalsShader.compute(23): use of potentially uninitialized variable (value) use of potentially uninitialized variable (deltax) use of potentially uninitialized variable (deltay) use of potentially uninitialized variable (deltaz)
  error: 1 plat 4 at CalculateNormalsShader.compute(24): use of potentially uninitialized variable (value) use of potentially uninitialized variable (deltax) use of potentially uninitialized variable (deltay) use of potentially uninitialized variable (deltaz)
  error: 1 plat 4 at CalculateNormalsShader.compute(25): use of potentially uninitialized variable (value) use of potentially uninitialized variable (deltax) use of potentially uninitialized variable (deltay) use of potentially uninitialized variable (deltaz)
  error: 1 plat 4 at CalculateNormalsShader.compute(26): use of potentially uninitialized variable (deltax) use of potentially uninitialized variable (deltay)
  error: 1 plat 4 at CalculateNormalsShader.compute(27): use of potentially uninitialized variable (deltax) use of potentially uninitialized variable (deltaz)
  api=4 insize=2303 outsize=2425 ok=1
Cmd: initializeCompiler
Cmd: preprocessCompute
  insize=12998 outsize=12997 ok=1
Cmd: initializeCompiler
Cmd: preprocessCompute
  insize=2508 outsize=2507 ok=1
Cmd: compileComputeKernel
  error: 1 plat 4 at CalculateNormalsShader.compute(23): use of potentially uninitialized variable (value) use of potentially uninitialized variable (deltax) use of potentially uninitialized variable (deltay) use of potentially uninitialized variable (deltaz)
  error: 1 plat 4 at CalculateNormalsShader.compute(24): use of potentially uninitialized variable (value) use of potentially uninitialized variable (deltax) use of potentially uninitialized variable (deltay) use of potentially uninitialized variable (deltaz)
  error: 1 plat 4 at CalculateNormalsShader.compute(25): use of potentially uninitialized variable (value) use of potentially uninitialized variable (deltax) use of potentially uninitialized variable (deltay) use of potentially uninitialized variable (deltaz)
  error: 1 plat 4 at CalculateNormalsShader.compute(26): use of potentially uninitialized variable (value) use of potentially uninitialized variable (deltax) use of potentially uninitialized variable (deltay) use of potentially uninitialized variable (deltaz)
  error: 1 plat 4 at CalculateNormalsShader.compute(27): use of potentially uninitialized variable (deltax) use of potentially uninitialized variable (deltay)
  error: 1 plat 4 at CalculateNormalsShader.compute(28): use of potentially uninitialized variable (deltax) use of potentially uninitialized variable (deltaz)
  api=4 insize=2507 outsize=2797 ok=1
Cmd: initializeCompiler
Cmd: initializeCompiler
Cmd: preprocessCompute
  insize=2613 outsize=2612 ok=1
Cmd: compileComputeKernel
  error: 1 plat 4 at CalculateNormalsShader.compute(23): use of potentially uninitialized variable (value) use of potentially uninitialized variable (deltax) use of potentially uninitialized variable (deltay) use of potentially uninitialized variable (deltaz)
  error: 1 plat 4 at CalculateNormalsShader.compute(24): use of potentially uninitialized variable (value) use of potentially uninitialized variable (deltax) use of potentially uninitialized variable (deltay) use of potentially uninitialized variable (deltaz)
  error: 1 plat 4 at CalculateNormalsShader.compute(25): use of potentially uninitialized variable (value) use of potentially uninitialized variable (deltax) use of potentially uninitialized variable (deltay) use of potentially uninitialized variable (deltaz)
  error: 1 plat 4 at CalculateNormalsShader.compute(26): use of potentially uninitialized variable (value) use of potentially uninitialized variable (deltax) use of potentially uninitialized variable (deltay) use of potentially uninitialized variable (deltaz)
  error: 1 plat 4 at CalculateNormalsShader.compute(27): use of potentially uninitialized variable (deltax) use of potentially uninitialized variable (deltay)
  api=4 insize=2612 outsize=2977 ok=1
Cmd: initializeCompiler
Cmd: preprocessCompute
  insize=2718 outsize=2717 ok=1
Cmd: compileComputeKernel
  error: 1 plat 4 at CalculateNormalsShader.compute(23): use of potentially uninitialized variable (value) use of potentially uninitialized variable (deltax) use of potentially uninitialized variable (deltay) use of potentially uninitialized variable (deltaz)
  error: 1 plat 4 at CalculateNormalsShader.compute(24): use of potentially uninitialized variable (value) use of potentially uninitialized variable (deltax) use of potentially uninitialized variable (deltay) use of potentially uninitialized variable (deltaz)
  error: 1 plat 4 at CalculateNormalsShader.compute(25): use of potentially uninitialized variable (value) use of potentially uninitialized variable (deltax) use of potentially uninitialized variable (deltay) use of potentially uninitialized variable (deltaz)
  error: 1 plat 4 at CalculateNormalsShader.compute(26): use of potentially uninitialized variable (value) use of potentially uninitialized variable (deltax) use of potentially uninitialized variable (deltay) use of potentially uninitialized variable (deltaz)
  api=4 insize=2717 outsize=3157 ok=1
Cmd: initializeCompiler
Cmd: preprocessCompute
  insize=2754 outsize=2753 ok=1
Cmd: compileComputeKernel
  error: 1 plat 4 at CalculateNormalsShader.compute(23): use of potentially uninitialized variable (value) use of potentially uninitialized variable (deltax) use of potentially uninitialized variable (deltay) use of potentially uninitialized variable (deltaz)
  error: 1 plat 4 at CalculateNormalsShader.compute(24): use of potentially uninitialized variable (value) use of potentially uninitialized variable (deltax) use of potentially uninitialized variable (deltay) use of potentially uninitialized variable (deltaz)
  error: 1 plat 4 at CalculateNormalsShader.compute(25): use of potentially uninitialized variable (value) use of potentially uninitialized variable (deltax) use of potentially uninitialized variable (deltay) use of potentially uninitialized variable (deltaz)
  error: 1 plat 4 at CalculateNormalsShader.compute(26): use of potentially uninitialized variable (value) use of potentially uninitialized variable (deltax) use of potentially uninitialized variable (deltay) use of potentially uninitialized variable (deltaz)
  error: 1 plat 4 at CalculateNormalsShader.compute(33): use of potentially uninitialized variable (value) use of potentially uninitialized variable (deltax) use of potentially uninitialized variable (deltay) use of potentially uninitialized variable (deltaz)
  error: 1 plat 4 at CalculateNormalsShader.compute(40): use of potentially uninitialized variable (value) use of potentially uninitialized variable (deltax) use of potentially uninitialized variable (deltay) use of potentially uninitialized variable (deltaz)
  error: 1 plat 4 at CalculateNormalsShader.compute(47): use of potentially uninitialized variable (value) use of potentially uninitialized variable (deltax) use of potentially uninitialized variable (deltay) use of potentially uninitialized variable (deltaz)
  api=4 insize=2753 outsize=2009 ok=1
Cmd: initializeCompiler
Cmd: preprocessCompute
  insize=2742 outsize=2741 ok=1
Cmd: compileComputeKernel
  error: 1 plat 4 at CalculateNormalsShader.compute(23): use of potentially uninitialized variable (value) use of potentially uninitialized variable (deltax) use of potentially uninitialized variable (deltay) use of potentially uninitialized variable (deltaz)
  error: 1 plat 4 at CalculateNormalsShader.compute(24): use of potentially uninitialized variable (value) use of potentially uninitialized variable (deltax) use of potentially uninitialized variable (deltay) use of potentially uninitialized variable (deltaz)
  error: 1 plat 4 at CalculateNormalsShader.compute(25): use of potentially uninitialized variable (value) use of potentially uninitialized variable (deltax) use of potentially uninitialized variable (deltay) use of potentially uninitialized variable (deltaz)
  error: 1 plat 4 at CalculateNormalsShader.compute(26): use of potentially uninitialized variable (value) use of potentially uninitialized variable (deltax) use of potentially uninitialized variable (deltay) use of potentially uninitialized variable (deltaz)
  error: 1 plat 4 at CalculateNormalsShader.compute(33): use of potentially uninitialized variable (value) use of potentially uninitialized variable (deltax) use of potentially uninitialized variable (deltay) use of potentially uninitialized variable (deltaz)
  error: 1 plat 4 at CalculateNormalsShader.compute(40): use of potentially uninitialized variable (value) use of potentially uninitialized variable (deltax) use of potentially uninitialized variable (deltay) use of potentially uninitialized variable (deltaz)
  api=4 insize=2741 outsize=2381 ok=1
Cmd: initializeCompiler
Cmd: preprocessCompute
  insize=2730 outsize=2729 ok=1
Cmd: compileComputeKernel
  error: 1 plat 4 at CalculateNormalsShader.compute(23): use of potentially uninitialized variable (value) use of potentially uninitialized variable (deltax) use of potentially uninitialized variable (deltay) use of potentially uninitialized variable (deltaz)
  error: 1 plat 4 at CalculateNormalsShader.compute(24): use of potentially uninitialized variable (value) use of potentially uninitialized variable (deltax) use of potentially uninitialized variable (deltay) use of potentially uninitialized variable (deltaz)
  error: 1 plat 4 at CalculateNormalsShader.compute(25): use of potentially uninitialized variable (value) use of potentially uninitialized variable (deltax) use of potentially uninitialized variable (deltay) use of potentially uninitialized variable (deltaz)
  error: 1 plat 4 at CalculateNormalsShader.compute(26): use of potentially uninitialized variable (value) use of potentially uninitialized variable (deltax) use of potentially uninitialized variable (deltay) use of potentially uninitialized variable (deltaz)
  error: 1 plat 4 at CalculateNormalsShader.compute(33): use of potentially uninitialized variable (value) use of potentially uninitialized variable (deltax) use of potentially uninitialized variable (deltay) use of potentially uninitialized variable (deltaz)
  api=4 insize=2729 outsize=2785 ok=1
Cmd: initializeCompiler
Cmd: preprocessCompute
  insize=2718 outsize=2717 ok=1
Cmd: compileComputeKernel
  error: 1 plat 4 at CalculateNormalsShader.compute(23): use of potentially uninitialized variable (value) use of potentially uninitialized variable (deltax) use of potentially uninitialized variable (deltay) use of potentially uninitialized variable (deltaz)
  error: 1 plat 4 at CalculateNormalsShader.compute(24): use of potentially uninitialized variable (value) use of potentially uninitialized variable (deltax) use of potentially uninitialized variable (deltay) use of potentially uninitialized variable (deltaz)
  error: 1 plat 4 at CalculateNormalsShader.compute(25): use of potentially uninitialized variable (value) use of potentially uninitialized variable (deltax) use of potentially uninitialized variable (deltay) use of potentially uninitialized variable (deltaz)
  error: 1 plat 4 at CalculateNormalsShader.compute(26): use of potentially uninitialized variable (value) use of potentially uninitialized variable (deltax) use of potentially uninitialized variable (deltay) use of potentially uninitialized variable (deltaz)
  api=4 insize=2717 outsize=3157 ok=1
Cmd: initializeCompiler
Cmd: initializeCompiler
Cmd: preprocessCompute
  insize=2930 outsize=2929 ok=1
Cmd: compileComputeKernel
  error: 1 plat 4 at CalculateNormalsShader.compute(24): use of potentially uninitialized variable (value) use of potentially uninitialized variable (deltax) use of potentially uninitialized variable (deltay) use of potentially uninitialized variable (deltaz)
  error: 1 plat 4 at CalculateNormalsShader.compute(25): use of potentially uninitialized variable (value) use of potentially uninitialized variable (deltax) use of potentially uninitialized variable (deltay) use of potentially uninitialized variable (deltaz)
  error: 1 plat 4 at CalculateNormalsShader.compute(26): use of potentially uninitialized variable (value) use of potentially uninitialized variable (deltax) use of potentially uninitialized variable (deltay) use of potentially uninitialized variable (deltaz)
  api=4 insize=2929 outsize=3493 ok=1
Cmd: initializeCompiler
Cmd: preprocessCompute
  insize=2942 outsize=2941 ok=1
Cmd: compileComputeKernel
  error: 1 plat 4 at CalculateNormalsShader.compute(24): use of potentially uninitialized variable (value) use of potentially uninitialized variable (deltax) use of potentially uninitialized variable (deltay) use of potentially uninitialized variable (deltaz)
  error: 1 plat 4 at CalculateNormalsShader.compute(25): use of potentially uninitialized variable (value) use of potentially uninitialized variable (deltax) use of potentially uninitialized variable (deltay) use of potentially uninitialized variable (deltaz)
  error: 1 plat 4 at CalculateNormalsShader.compute(26): use of potentially uninitialized variable (value) use of potentially uninitialized variable (deltax) use of potentially uninitialized variable (deltay) use of potentially uninitialized variable (deltaz)
  error: 1 plat 4 at CalculateNormalsShader.compute(33): use of potentially uninitialized variable (value) use of potentially uninitialized variable (deltax) use of potentially uninitialized variable (deltay) use of potentially uninitialized variable (deltaz)
  api=4 insize=2941 outsize=3157 ok=1
Cmd: initializeCompiler
Cmd: preprocessCompute
  insize=2930 outsize=2929 ok=1
Cmd: initializeCompiler
Cmd: initializeCompiler
Cmd: preprocessCompute
  insize=3075 outsize=3074 ok=1
Cmd: compileComputeKernel
  error: 1 plat 4 at CalculateNormalsShader.compute(24): use of potentially uninitialized variable (value) use of potentially uninitialized variable (deltax) use of potentially uninitialized variable (deltay) use of potentially uninitialized variable (deltaz)
  error: 1 plat 4 at CalculateNormalsShader.compute(25): use of potentially uninitialized variable (value) use of potentially uninitialized variable (deltax) use of potentially uninitialized variable (deltay) use of potentially uninitialized variable (deltaz)
  api=4 insize=3074 outsize=3829 ok=1
Cmd: initializeCompiler
Cmd: preprocessCompute
  insize=13004 outsize=13003 ok=1
Cmd: compileComputeKernel
  api=4 insize=13003 outsize=14481 ok=1
Cmd: initializeCompiler
Cmd: preprocessCompute
  insize=12998 outsize=12997 ok=1
Cmd: initializeCompiler
Cmd: initializeCompiler
Cmd: preprocessCompute
  insize=3220 outsize=3219 ok=1
Cmd: compileComputeKernel
  error: 2 plat 4 at CalculateNormalsShader.compute(29): undeclared identifier '_BroderMapxz'
  api=4 insize=3219 outsize=0 ok=0
Cmd: preprocessCompute
  insize=3220 outsize=3219 ok=1
Cmd: initializeCompiler
Cmd: preprocessCompute
  insize=3232 outsize=3231 ok=1
Cmd: compileComputeKernel
  error: 1 plat 4 at CalculateNormalsShader.compute(24): use of potentially uninitialized variable (value) use of potentially uninitialized variable (deltax) use of potentially uninitialized variable (deltay) use of potentially uninitialized variable (deltaz)
  error: 1 plat 4 at CalculateNormalsShader.compute(31): use of potentially uninitialized variable (value) use of potentially uninitialized variable (deltax) use of potentially uninitialized variable (deltay) use of potentially uninitialized variable (deltaz)
  api=4 insize=3231 outsize=3829 ok=1
Cmd: initializeCompiler
Cmd: preprocessCompute
  insize=3220 outsize=3219 ok=1
Cmd: initializeCompiler
Cmd: preprocessCompute
  insize=3232 outsize=3231 ok=1
Cmd: compileComputeKernel
  error: 1 plat 4 at CalculateNormalsShader.compute(24): use of potentially uninitialized variable (value) use of potentially uninitialized variable (deltax) use of potentially uninitialized variable (deltay) use of potentially uninitialized variable (deltaz)
  error: 1 plat 4 at CalculateNormalsShader.compute(38): use of potentially uninitialized variable (value) use of potentially uninitialized variable (deltax) use of potentially uninitialized variable (deltay) use of potentially uninitialized variable (deltaz)
  api=4 insize=3231 outsize=3829 ok=1
Cmd: initializeCompiler
Cmd: preprocessCompute
  insize=3220 outsize=3219 ok=1
Cmd: initializeCompiler
Cmd: preprocessCompute
  insize=3292 outsize=3291 ok=1
Cmd: compileComputeKernel
  error: 1 plat 4 at CalculateNormalsShader.compute(24): use of potentially uninitialized variable (value) use of potentially uninitialized variable (deltax) use of potentially uninitialized variable (deltay) use of potentially uninitialized variable (deltaz)
  error: 1 plat 4 at CalculateNormalsShader.compute(31): use of potentially uninitialized variable (value) use of potentially uninitialized variable (deltax) use of potentially uninitialized variable (deltay) use of potentially uninitialized variable (deltaz)
  error: 1 plat 4 at CalculateNormalsShader.compute(38): use of potentially uninitialized variable (value) use of potentially uninitialized variable (deltax) use of potentially uninitialized variable (deltay) use of potentially uninitialized variable (deltaz)
  error: 1 plat 4 at CalculateNormalsShader.compute(45): use of potentially uninitialized variable (value) use of potentially uninitialized variable (deltax) use of potentially uninitialized variable (deltay) use of potentially uninitialized variable (deltaz)
  error: 1 plat 4 at CalculateNormalsShader.compute(52): use of potentially uninitialized variable (value) use of potentially uninitialized variable (deltax) use of potentially uninitialized variable (deltay) use of potentially uninitialized variable (deltaz)
  error: 1 plat 4 at CalculateNormalsShader.compute(59): use of potentially uninitialized variable (value) use of potentially uninitialized variable (deltax) use of potentially uninitialized variable (deltay) use of potentially uninitialized variable (deltaz)
  error: 1 plat 4 at CalculateNormalsShader.compute(66): use of potentially uninitialized variable (value) use of potentially uninitialized variable (deltax) use of potentially uninitialized variable (deltay) use of potentially uninitialized variable (deltaz)
  api=4 insize=3291 outsize=2009 ok=1
Cmd: initializeCompiler
Cmd: preprocessCompute
  insize=3280 outsize=3279 ok=1
Cmd: compileComputeKernel
  error: 1 plat 4 at CalculateNormalsShader.compute(24): use of potentially uninitialized variable (value) use of potentially uninitialized variable (deltax) use of potentially uninitialized variable (deltay) use of potentially uninitialized variable (deltaz)
  error: 1 plat 4 at CalculateNormalsShader.compute(31): use of potentially uninitialized variable (value) use of potentially uninitialized variable (deltax) use of potentially uninitialized variable (deltay) use of potentially uninitialized variable (deltaz)
  error: 1 plat 4 at CalculateNormalsShader.compute(38): use of potentially uninitialized variable (value) use of potentially uninitialized variable (deltax) use of potentially uninitialized variable (deltay) use of potentially uninitialized variable (deltaz)
  error: 1 plat 4 at CalculateNormalsShader.compute(52): use of potentially uninitialized variable (value) use of potentially uninitialized variable (deltax) use of potentially uninitialized variable (deltay) use of potentially uninitialized variable (deltaz)
  error: 1 plat 4 at CalculateNormalsShader.compute(59): use of potentially uninitialized variable (value) use of potentially uninitialized variable (deltax) use of potentially uninitialized variable (deltay) use of potentially uninitialized variable (deltaz)
  error: 1 plat 4 at CalculateNormalsShader.compute(66): use of potentially uninitialized variable (value) use of potentially uninitialized variable (deltax) use of potentially uninitialized variable (deltay) use of potentially uninitialized variable (deltaz)
  api=4 insize=3279 outsize=2345 ok=1
Cmd: initializeCompiler
Cmd: preprocessCompute
  insize=3268 outsize=3267 ok=1
Cmd: compileComputeKernel
  error: 1 plat 4 at CalculateNormalsShader.compute(24): use of potentially uninitialized variable (value) use of potentially uninitialized variable (deltax) use of potentially uninitialized variable (deltay) use of potentially uninitialized variable (deltaz)
  error: 1 plat 4 at CalculateNormalsShader.compute(31): use of potentially uninitialized variable (value) use of potentially uninitialized variable (deltax) use of potentially uninitialized variable (deltay) use of potentially uninitialized variable (deltaz)
  error: 1 plat 4 at CalculateNormalsShader.compute(38): use of potentially uninitialized variable (value) use of potentially uninitialized variable (deltax) use of potentially uninitialized variable (deltay) use of potentially uninitialized variable (deltaz)
  error: 1 plat 4 at CalculateNormalsShader.compute(52): use of potentially uninitialized variable (value) use of potentially uninitialized variable (deltax) use of potentially uninitialized variable (deltay) use of potentially uninitialized variable (deltaz)
  error: 1 plat 4 at CalculateNormalsShader.compute(59): use of potentially uninitialized variable (value) use of potentially uninitialized variable (deltax) use of potentially uninitialized variable (deltay) use of potentially uninitialized variable (deltaz)
  api=4 insize=3267 outsize=2717 ok=1
Cmd: initializeCompiler
Cmd: preprocessCompute
  insize=3268 outsize=3267 ok=1
Cmd: compileComputeKernel
  error: 1 plat 4 at CalculateNormalsShader.compute(24): use of potentially uninitialized variable (value) use of potentially uninitialized variable (deltax) use of potentially uninitialized variable (deltay) use of potentially uninitialized variable (deltaz)
  error: 1 plat 4 at CalculateNormalsShader.compute(31): use of potentially uninitialized variable (value) use of potentially uninitialized variable (deltax) use of potentially uninitialized variable (deltay) use of potentially uninitialized variable (deltaz)
  error: 1 plat 4 at CalculateNormalsShader.compute(38): use of potentially uninitialized variable (value) use of potentially uninitialized variable (deltax) use of potentially uninitialized variable (deltay) use of potentially uninitialized variable (deltaz)
  error: 1 plat 4 at CalculateNormalsShader.compute(52): use of potentially uninitialized variable (value) use of potentially uninitialized variable (deltax) use of potentially uninitialized variable (deltay) use of potentially uninitialized variable (deltaz)
  error: 1 plat 4 at CalculateNormalsShader.compute(59): use of potentially uninitialized variable (value) use of potentially uninitialized variable (deltax) use of potentially uninitialized variable (deltay) use of potentially uninitialized variable (deltaz)
  api=4 insize=3267 outsize=2717 ok=1
Cmd: initializeCompiler
Cmd: initializeCompiler
Cmd: preprocessCompute
  insize=3249 outsize=3248 ok=1
Cmd: compileComputeKernel
  error: 2 plat 4 at CalculateNormalsShader.compute(68): syntax error: unexpected token ';'
  error: 2 plat 4 at CalculateNormalsShader.compute(68): syntax error: unexpected token ']'
  api=4 insize=3248 outsize=0 ok=0
Cmd: initializeCompiler
Cmd: preprocessCompute
  insize=3248 outsize=3247 ok=1
Cmd: compileComputeKernel
  error: 1 plat 4 at CalculateNormalsShader.compute(23): use of potentially uninitialized variable (value) use of potentially uninitialized variable (deltax) use of potentially uninitialized variable (deltay) use of potentially uninitialized variable (deltaz)
  error: 1 plat 4 at CalculateNormalsShader.compute(30): use of potentially uninitialized variable (value) use of potentially uninitialized variable (deltax) use of potentially uninitialized variable (deltay) use of potentially uninitialized variable (deltaz)
  error: 1 plat 4 at CalculateNormalsShader.compute(37): use of potentially uninitialized variable (value) use of potentially uninitialized variable (deltax) use of potentially uninitialized variable (deltay) use of potentially uninitialized variable (deltaz)
  error: 1 plat 4 at CalculateNormalsShader.compute(51): use of potentially uninitialized variable (value) use of potentially uninitialized variable (deltax) use of potentially uninitialized variable (deltay) use of potentially uninitialized variable (deltaz)
  error: 1 plat 4 at CalculateNormalsShader.compute(58): use of potentially uninitialized variable (value) use of potentially uninitialized variable (deltax) use of potentially uninitialized variable (deltay) use of potentially uninitialized variable (deltaz)
  api=4 insize=3247 outsize=2717 ok=1
Cmd: initializeCompiler
Cmd: preprocessCompute
  insize=3260 outsize=3259 ok=1
Cmd: compileComputeKernel
  error: 1 plat 4 at CalculateNormalsShader.compute(23): use of potentially uninitialized variable (value) use of potentially uninitialized variable (deltax) use of potentially uninitialized variable (deltay) use of potentially uninitialized variable (deltaz)
  error: 1 plat 4 at CalculateNormalsShader.compute(30): use of potentially uninitialized variable (value) use of potentially uninitialized variable (deltax) use of potentially uninitialized variable (deltay) use of potentially uninitialized variable (deltaz)
  error: 1 plat 4 at CalculateNormalsShader.compute(37): use of potentially uninitialized variable (value) use of potentially uninitialized variable (deltax) use of potentially uninitialized variable (deltay) use of potentially uninitialized variable (deltaz)
  error: 1 plat 4 at CalculateNormalsShader.compute(44): use of potentially uninitialized variable (value) use of potentially uninitialized variable (deltax) use of potentially uninitialized variable (deltay) use of potentially uninitialized variable (deltaz)
  error: 1 plat 4 at CalculateNormalsShader.compute(51): use of potentially uninitialized variable (value) use of potentially uninitialized variable (deltax) use of potentially uninitialized variable (deltay) use of potentially uninitialized variable (deltaz)
  error: 1 plat 4 at CalculateNormalsShader.compute(58): use of potentially uninitialized variable (value) use of potentially uninitialized variable (deltax) use of potentially uninitialized variable (deltay) use of potentially uninitialized variable (deltaz)
  api=4 insize=3259 outsize=2381 ok=1
Cmd: initializeCompiler
Cmd: preprocessCompute
  insize=3248 outsize=3247 ok=1
Cmd: initializeCompiler
Cmd: initializeCompiler
Cmd: initializeCompiler
Cmd: preprocessCompute
  insize=3236 outsize=3235 ok=1
Cmd: compileComputeKernel
  error: 1 plat 4 at CalculateNormalsShader.compute(23): use of potentially uninitialized variable (value) use of potentially uninitialized variable (deltax) use of potentially uninitialized variable (deltay) use of potentially uninitialized variable (deltaz)
  error: 1 plat 4 at CalculateNormalsShader.compute(30): use of potentially uninitialized variable (value) use of potentially uninitialized variable (deltax) use of potentially uninitialized variable (deltay) use of potentially uninitialized variable (deltaz)
  error: 1 plat 4 at CalculateNormalsShader.compute(37): use of potentially uninitialized variable (value) use of potentially uninitialized variable (deltax) use of potentially uninitialized variable (deltay) use of potentially uninitialized variable (deltaz)
  error: 1 plat 4 at CalculateNormalsShader.compute(58): use of potentially uninitialized variable (value) use of potentially uninitialized variable (deltax) use of potentially uninitialized variable (deltay) use of potentially uninitialized variable (deltaz)
  api=4 insize=3235 outsize=3089 ok=1
Cmd: initializeCompiler
Cmd: preprocessCompute
  insize=3224 outsize=3223 ok=1
Cmd: compileComputeKernel
  error: 1 plat 4 at CalculateNormalsShader.compute(23): use of potentially uninitialized variable (value) use of potentially uninitialized variable (deltax) use of potentially uninitialized variable (deltay) use of potentially uninitialized variable (deltaz)
  error: 1 plat 4 at CalculateNormalsShader.compute(30): use of potentially uninitialized variable (value) use of potentially uninitialized variable (deltax) use of potentially uninitialized variable (deltay) use of potentially uninitialized variable (deltaz)
  error: 1 plat 4 at CalculateNormalsShader.compute(58): use of potentially uninitialized variable (value) use of potentially uninitialized variable (deltax) use of potentially uninitialized variable (deltay) use of potentially uninitialized variable (deltaz)
  api=4 insize=3223 outsize=3425 ok=1
Cmd: initializeCompiler
Cmd: preprocessCompute
  insize=3200 outsize=3199 ok=1
Cmd: initializeCompiler
Cmd: preprocessCompute
  insize=3211 outsize=3210 ok=1
Cmd: compileComputeKernel
  error: 1 plat 4 at CalculateNormalsShader.compute(23): use of potentially uninitialized variable (value) use of potentially uninitialized variable (deltax) use of potentially uninitialized variable (deltay) use of potentially uninitialized variable (deltaz)
  error: 1 plat 4 at CalculateNormalsShader.compute(76): use of potentially uninitialized variable (value) use of potentially uninitialized variable (deltax) use of potentially uninitialized variable (deltay) use of potentially uninitialized variable (deltaz)
  api=4 insize=3210 outsize=3273 ok=1
Cmd: initializeCompiler
Cmd: preprocessCompute
  insize=3260 outsize=3259 ok=1
Cmd: compileComputeKernel
  error: 1 plat 4 at CalculateNormalsShader.compute(23): use of potentially uninitialized variable (value) use of potentially uninitialized variable (deltax) use of potentially uninitialized variable (deltay) use of potentially uninitialized variable (deltaz)
  error: 1 plat 4 at CalculateNormalsShader.compute(31): use of potentially uninitialized variable (value) use of potentially uninitialized variable (deltax) use of potentially uninitialized variable (deltay) use of potentially uninitialized variable (deltaz)
  error: 1 plat 4 at CalculateNormalsShader.compute(39): use of potentially uninitialized variable (value) use of potentially uninitialized variable (deltax) use of potentially uninitialized variable (deltay) use of potentially uninitialized variable (deltaz)
  error: 1 plat 4 at CalculateNormalsShader.compute(47): use of potentially uninitialized variable (value) use of potentially uninitialized variable (deltax) use of potentially uninitialized variable (deltay) use of potentially uninitialized variable (deltaz)
  error: 1 plat 4 at CalculateNormalsShader.compute(55): use of potentially uninitialized variable (value) use of potentially uninitialized variable (deltax) use of potentially uninitialized variable (deltay) use of potentially uninitialized variable (deltaz)
  error: 1 plat 4 at CalculateNormalsShader.compute(63): use of potentially uninitialized variable (value) use of potentially uninitialized variable (deltax) use of potentially uninitialized variable (deltay) use of potentially uninitialized variable (deltaz)
  error: 1 plat 4 at CalculateNormalsShader.compute(71): use of potentially uninitialized variable (value) use of potentially uninitialized variable (deltax) use of potentially uninitialized variable (deltay) use of potentially uninitialized variable (deltaz)
  api=4 insize=3259 outsize=2009 ok=1
Cmd: initializeCompiler
Cmd: preprocessCompute
  insize=3262 outsize=3261 ok=1
Cmd: compileComputeKernel
  error: 1 plat 4 at CalculateNormalsShader.compute(23): use of potentially uninitialized variable (value) use of potentially uninitialized variable (deltax) use of potentially uninitialized variable (deltay) use of potentially uninitialized variable (deltaz)
  error: 1 plat 4 at CalculateNormalsShader.compute(31): use of potentially uninitialized variable (value) use of potentially uninitialized variable (deltax) use of potentially uninitialized variable (deltay) use of potentially uninitialized variable (deltaz)
  error: 1 plat 4 at CalculateNormalsShader.compute(39): use of potentially uninitialized variable (value) use of potentially uninitialized variable (deltax) use of potentially uninitialized variable (deltay) use of potentially uninitialized variable (deltaz)
  error: 1 plat 4 at CalculateNormalsShader.compute(47): use of potentially uninitialized variable (value) use of potentially uninitialized variable (deltax) use of potentially uninitialized variable (deltay) use of potentially uninitialized variable (deltaz)
  error: 1 plat 4 at CalculateNormalsShader.compute(55): use of potentially uninitialized variable (value) use of potentially uninitialized variable (deltax) use of potentially uninitialized variable (deltay) use of potentially uninitialized variable (deltaz)
  error: 1 plat 4 at CalculateNormalsShader.compute(63): use of potentially uninitialized variable (value) use of potentially uninitialized variable (deltax) use of potentially uninitialized variable (deltay) use of potentially uninitialized variable (deltaz)
  api=4 insize=3261 outsize=2381 ok=1
Cmd: initializeCompiler
Cmd: preprocessCompute
  insize=3374 outsize=3373 ok=1
Cmd: compileComputeKernel
  error: 1 plat 4 at CalculateNormalsShader.compute(23): use of potentially uninitialized variable (value) use of potentially uninitialized variable (deltax) use of potentially uninitialized variable (deltay) use of potentially uninitialized variable (deltaz)
  error: 1 plat 4 at CalculateNormalsShader.compute(31): use of potentially uninitialized variable (value) use of potentially uninitialized variable (deltax) use of potentially uninitialized variable (deltay) use of potentially uninitialized variable (deltaz)
  error: 1 plat 4 at CalculateNormalsShader.compute(39): use of potentially uninitialized variable (value) use of potentially uninitialized variable (deltax) use of potentially uninitialized variable (deltay) use of potentially uninitialized variable (deltaz)
  error: 1 plat 4 at CalculateNormalsShader.compute(47): use of potentially uninitialized variable (value) use of potentially uninitialized variable (deltax) use of potentially uninitialized variable (deltay) use of potentially uninitialized variable (deltaz)
  error: 1 plat 4 at CalculateNormalsShader.compute(55): use of potentially uninitialized variable (value) use of potentially uninitialized variable (deltax) use of potentially uninitialized variable (deltay) use of potentially uninitialized variable (deltaz)
  error: 1 plat 4 at CalculateNormalsShader.compute(63): use of potentially uninitialized variable (value) use of potentially uninitialized variable (deltax) use of potentially uninitialized variable (deltay) use of potentially uninitialized variable (deltaz)
  api=4 insize=3373 outsize=2721 ok=1
Cmd: initializeCompiler
Cmd: preprocessCompute
  insize=3476 outsize=3475 ok=1
Cmd: compileComputeKernel
  error: 1 plat 4 at CalculateNormalsShader.compute(23): use of potentially uninitialized variable (value) use of potentially uninitialized variable (deltax) use of potentially uninitialized variable (deltay) use of potentially uninitialized variable (deltaz)
  error: 1 plat 4 at CalculateNormalsShader.compute(31): use of potentially uninitialized variable (value) use of potentially uninitialized variable (deltax) use of potentially uninitialized variable (deltay) use of potentially uninitialized variable (deltaz)
  error: 1 plat 4 at CalculateNormalsShader.compute(39): use of potentially uninitialized variable (value) use of potentially uninitialized variable (deltax) use of potentially uninitialized variable (deltay) use of potentially uninitialized variable (deltaz)
  error: 1 plat 4 at CalculateNormalsShader.compute(47): use of potentially uninitialized variable (value) use of potentially uninitialized variable (deltax) use of potentially uninitialized variable (deltay) use of potentially uninitialized variable (deltaz)
  error: 1 plat 4 at CalculateNormalsShader.compute(55): use of potentially uninitialized variable (value) use of potentially uninitialized variable (deltax) use of potentially uninitialized variable (deltay) use of potentially uninitialized variable (deltaz)
  api=4 insize=3475 outsize=3373 ok=1
Cmd: initializeCompiler
Cmd: preprocessCompute
  insize=3578 outsize=3577 ok=1
Cmd: initializeCompiler
Cmd: preprocessCompute
  insize=3536 outsize=3535 ok=1
Cmd: compileComputeKernel
  error: 1 plat 4 at CalculateNormalsShader.compute(23): use of potentially uninitialized variable (value) use of potentially uninitialized variable (deltax) use of potentially uninitialized variable (deltay) use of potentially uninitialized variable (deltaz)
  api=4 insize=3535 outsize=4793 ok=1
Cmd: initializeCompiler
Cmd: preprocessCompute
  insize=3539 outsize=3538 ok=1
Cmd: compileComputeKernel
  api=4 insize=3538 outsize=4801 ok=1
Cmd: initializeCompiler
Cmd: preprocessCompute
  insize=2806 outsize=2805 ok=1
Cmd: initializeCompiler
Cmd: initializeCompiler
Cmd: initializeCompiler
Cmd: initializeCompiler
Cmd: initializeCompiler
Cmd: initializeCompiler
Cmd: initializeCompiler
Cmd: preprocessCompute
  insize=2937 outsize=2936 ok=1
Cmd: compileComputeKernel
  api=4 insize=2936 outsize=5029 ok=1
Cmd: initializeCompiler
Cmd: initializeCompiler
Cmd: preprocessCompute
  insize=2947 outsize=2946 ok=1
Cmd: compileComputeKernel
  error: 1 plat 4 at CalculateNormalsShader.compute(30): use of potentially uninitialized variable (value) use of potentially uninitialized variable (deltax) use of potentially uninitialized variable (deltay) use of potentially uninitialized variable (deltaz)
  api=4 insize=2946 outsize=4793 ok=1
Cmd: initializeCompiler
Cmd: preprocessCompute
  insize=2940 outsize=2939 ok=1
Cmd: compileComputeKernel
  api=4 insize=2939 outsize=5029 ok=1
Cmd: initializeCompiler
Cmd: preprocessCompute
  insize=2947 outsize=2946 ok=1
Cmd: initializeCompiler
Cmd: preprocessCompute
  insize=2940 outsize=2939 ok=1
Cmd: initializeCompiler
Cmd: preprocessCompute
  insize=3102 outsize=3101 ok=1
Cmd: compileComputeKernel
  api=4 insize=3101 outsize=5437 ok=1
Cmd: initializeCompiler
Cmd: initializeCompiler
Cmd: preprocessCompute
  insize=3102 outsize=3101 ok=1
Cmd: initializeCompiler
Cmd: preprocessCompute
  insize=12874 outsize=12873 ok=1
Cmd: preprocessCompute
  insize=3099 outsize=3098 ok=1
Cmd: compileComputeKernel
  api=4 insize=3098 outsize=5437 ok=1
